{"/Users/kong.hou/Github/DailyCost/src/App.tsx": {"path":"/Users/kong.hou/Github/DailyCost/src/App.tsx","statementMap":{"0":{"start":{"line":13,"column":12},"end":{"line":38,"column":1}},"1":{"start":{"line":14,"column":21},"end":{"line":14,"column":48}},"2":{"start":{"line":16,"column":26},"end":{"line":18,"column":3}},"3":{"start":{"line":20,"column":2},"end":{"line":37,"column":4}}},"fnMap":{"0":{"name":"(anonymous_0)","decl":{"start":{"line":13,"column":12},"end":{"line":13,"column":13}},"loc":{"start":{"line":13,"column":18},"end":{"line":38,"column":1}},"line":13}},"branchMap":{"0":{"loc":{"start":{"line":17,"column":21},"end":{"line":17,"column":64}},"type":"cond-expr","locations":[{"start":{"line":17,"column":34},"end":{"line":17,"column":47}},{"start":{"line":17,"column":50},"end":{"line":17,"column":64}}],"line":17},"1":{"loc":{"start":{"line":23,"column":18},"end":{"line":23,"column":63}},"type":"cond-expr","locations":[{"start":{"line":23,"column":31},"end":{"line":23,"column":46}},{"start":{"line":23,"column":49},"end":{"line":23,"column":63}}],"line":23},"2":{"loc":{"start":{"line":31,"column":29},"end":{"line":31,"column":69}},"type":"cond-expr","locations":[{"start":{"line":31,"column":42},"end":{"line":31,"column":54}},{"start":{"line":31,"column":57},"end":{"line":31,"column":69}}],"line":31}},"s":{"0":1,"1":1,"2":1,"3":1},"f":{"0":1},"b":{"0":[0,1],"1":[0,1],"2":[0,1]},"_coverageSchema":"1a1c01bbd47fc00a2c39e90264f33305004495a9","hash":"8856c6f1220214f7fc004c4db1bd0ff43eb6e889"}
}
